Build started 2/15/2017 9:25:14 AM.
     1>Project "C:\Users\161159U\Desktop\Studio Project\src\DM2199\Application\Application.vcxproj" on node 2 (Build target(s)).
     1>ClCompile:
         C:\Program Files (x86)\Microsoft Visual Studio 12.0\VC\bin\CL.exe /c /I"C:\Users\161159U\Desktop\Studio Project\src\DM2199\\Common\Source" /I"C:\Users\161159U\Desktop\Studio Project\src\DM2199\\glfw\include" /I"C:\Users\161159U\Desktop\Studio Project\src\DM2199\\glew\include" /ZI /nologo /W3 /WX- /Od /Oy- /D WIN32 /D _DEBUG /D _CONSOLE /D _LIB /D _UNICODE /D UNICODE /Gm /EHsc /RTC1 /MDd /GS /fp:precise /Zc:wchar_t /Zc:forScope /Fo"Debug\\" /Fd"Debug\vc120.pdb" /Gd /TP /analyze- /errorReport:prompt Source\Camera3.cpp
         Camera3.cpp
     1>c:\users\161159u\desktop\studio project\src\dm2199\application\source\camera3.cpp(471): error C2181: illegal else without matching if
     1>Done Building Project "C:\Users\161159U\Desktop\Studio Project\src\DM2199\Application\Application.vcxproj" (Build target(s)) -- FAILED.

Build FAILED.

Time Elapsed 00:00:01.30
